<?xml version="1.0" encoding="UTF-8"?>
<!-- Generated by org.testng.reporters.JUnitReportReporter -->
<testsuite hostname="lenovo" failures="0" tests="5" name="tests.LoginTest" time="90.675" errors="0" timestamp="2025-07-22T21:22:13 IST" skipped="0">
  <testcase classname="tests.LoginTest" name="loginTest" time="18.007"/>
  <testcase classname="tests.LoginTest" name="loginTest" time="13.028"/>
  <testcase classname="tests.LoginTest" name="loginTest" time="19.562"/>
  <testcase classname="tests.LoginTest" name="loginTest" time="20.287"/>
  <testcase classname="tests.LoginTest" name="loginTest" time="19.791"/>
</testsuite> <!-- tests.LoginTest -->
