<?xml version="1.0" encoding="UTF-8"?>
<!-- Generated by org.testng.reporters.JUnitReportReporter -->
<testsuite hostname="lenovo" failures="0" tests="5" name="tests.LoginTest" time="85.533" errors="0" timestamp="2025-07-22T18:12:30 IST" skipped="0">
  <testcase classname="tests.LoginTest" name="loginTest" time="17.295"/>
  <testcase classname="tests.LoginTest" name="loginTest" time="12.529"/>
  <testcase classname="tests.LoginTest" name="loginTest" time="17.675"/>
  <testcase classname="tests.LoginTest" name="loginTest" time="20.255"/>
  <testcase classname="tests.LoginTest" name="loginTest" time="17.779"/>
</testsuite> <!-- tests.LoginTest -->
