<?xml version="1.0" encoding="UTF-8"?>
<!-- Generated by org.testng.reporters.JUnitReportReporter -->
<testsuite hostname="lenovo" failures="0" tests="1" name="tests.AdminTest" time="10.971" errors="0" timestamp="2025-07-22T18:12:30 IST" skipped="0">
  <testcase classname="tests.AdminTest" name="testAdminLoginAndDashboard" time="10.971"/>
</testsuite> <!-- tests.AdminTest -->
